-------------------------------------------------------------------------------
Test set: com.ebay.AppTest
-------------------------------------------------------------------------------
Tests run: 12, Failures: 1, Errors: 0, Skipped: 11, Time elapsed: 0.683 s <<< FAILURE! - in com.ebay.AppTest
setup(com.ebay.AppTest)  Time elapsed: 0.418 s  <<< FAILURE!
org.testng.TestNGException: 

Parameter 'Chrome' is required by BeforeMethod on method setup but has not been marked @Optional or defined


