<?xml version="1.0" encoding="UTF-8"?>
<!-- Generated by org.testng.reporters.JUnitXMLReporter -->
<testsuite ignored="0" hostname="PARADIGMSHIFT" failures="0" tests="4" name="Surefire test" time="0.078" errors="0" timestamp="2023-02-11T23:31:27 IST">
  <testcase classname="com.ebay.AppTest" name="@BeforeMethod setup" time="-1.676138487665E9">
    <failure type="org.testng.TestNGException" message="
Parameter &amp;apos;Chrome&amp;apos; is required by BeforeMethod on method setup but has not been marked @Optional or defined
">
      <![CDATA[org.testng.TestNGException: 
Parameter 'Chrome' is required by BeforeMethod on method setup but has not been marked @Optional or defined

at java.base/java.util.ArrayList.forEach(ArrayList.java:1511)
... Removed 33 stack frames]]>
    </failure>
  </testcase> <!-- @BeforeMethod setup -->
  <testcase classname="com.ebay.AppTest" name="@AfterMethod quit" time="-1.676138487694E9">
    <skipped/>
  </testcase> <!-- @AfterMethod quit -->
  <testcase classname="com.ebay.AppTest" name="@BeforeMethod setup" time="-1.676138487694E9">
    <skipped/>
  </testcase> <!-- @BeforeMethod setup -->
  <testcase classname="com.ebay.AppTest" name="@AfterMethod quit" time="-1.676138487694E9">
    <skipped/>
  </testcase> <!-- @AfterMethod quit -->
  <testcase classname="com.ebay.AppTest" name="@BeforeMethod setup" time="-1.676138487694E9">
    <skipped/>
  </testcase> <!-- @BeforeMethod setup -->
  <testcase classname="com.ebay.AppTest" name="@AfterMethod quit" time="-1.676138487694E9">
    <skipped/>
  </testcase> <!-- @AfterMethod quit -->
  <testcase classname="com.ebay.AppTest" name="@BeforeMethod setup" time="-1.676138487694E9">
    <skipped/>
  </testcase> <!-- @BeforeMethod setup -->
  <testcase classname="com.ebay.AppTest" name="@AfterMethod quit" time="-1.676138487694E9">
    <skipped/>
  </testcase> <!-- @AfterMethod quit -->
  <testcase classname="com.ebay.AppTest" name="searchAndPrintAllProductsFromPageTest" time="0.0">
    <skipped/>
  </testcase> <!-- searchAndPrintAllProductsFromPageTest -->
  <testcase classname="com.ebay.AppTest" name="searchAndPrintAllProductsWithScrollingTest" time="0.0">
    <skipped/>
  </testcase> <!-- searchAndPrintAllProductsWithScrollingTest -->
  <testcase classname="com.ebay.AppTest" name="searchAndPrintNthProductTest" time="0.0">
    <skipped/>
  </testcase> <!-- searchAndPrintNthProductTest -->
  <testcase classname="com.ebay.AppTest" name="searchAndPrintResultTest" time="0.0">
    <skipped/>
  </testcase> <!-- searchAndPrintResultTest -->
</testsuite> <!-- Surefire test -->
